###############################################################
#  Generated by:      Cadence Innovus 21.15-s110_1
#  OS:                Linux x86_64(Host ID CICS16.kletech.ac.in)
#  Generated on:      Fri Oct 31 18:21:33 2025
#  Design:            cam16x16
#  Command:           report_timing > timing_ctsopt_cam_report.rpt
###############################################################
Path 1: MET Recovery Check with Pin mem_reg[5][2]/CK 
Endpoint:   mem_reg[5][2]/RN (^) checked with  leading edge of 'clk'
Beginpoint: rst_n            (^) triggered by  leading edge of 'clk'
Path Groups: {async_default}
Analysis View: wc
Other End Arrival Time         -0.007
- Recovery                     -0.075
+ Phase Shift                  10.000
- Uncertainty                   0.010
= Required Time                10.058
- Arrival Time                  2.562
= Slack Time                    7.495
     Clock Rise Edge                      0.000
     + Input Delay                        1.000
     = Beginpoint Arrival Time            1.000
     +---------------------------------------------------------------------+ 
     |   Instance    |    Arc     |   Cell    | Delay | Arrival | Required | 
     |               |            |           |       |  Time   |   Time   | 
     |---------------+------------+-----------+-------+---------+----------| 
     |               | rst_n ^    |           |       |   1.000 |    8.495 | 
     | FE_OFC1_rst_n | A ^ -> Z ^ | CLKBUF_X3 | 0.446 |   1.446 |    8.942 | 
     | FE_OFC2_rst_n | A ^ -> Z ^ | CLKBUF_X3 | 0.554 |   2.001 |    9.496 | 
     | FE_OFC4_rst_n | A ^ -> Z ^ | CLKBUF_X1 | 0.559 |   2.560 |   10.055 | 
     | mem_reg[5][2] | RN ^       | SDFFR_X1  | 0.002 |   2.562 |   10.058 | 
     +---------------------------------------------------------------------+ 

